<?xml version="1.0" encoding="UTF-8"?>
<!-- Generated by org.testng.reporters.JUnitReportReporter -->
<testsuite skipped="0" hostname="DESKTOP-RKHPL37" name="testCases.Assignment1_DemoQA" tests="5" failures="0" timestamp="2020-09-16T23:26:48 IST" time="60.095" errors="0">
  <testcase name="TC03_verifySelectable" time="9.962" classname="testCases.Assignment1_DemoQA"/>
  <system-out/>
  <testcase name="TC04_verifySelectMenu" time="10.856" classname="testCases.Assignment1_DemoQA"/>
  <system-out/>
  <testcase name="TC02_verifyDatePicker" time="16.159" classname="testCases.Assignment1_DemoQA"/>
  <system-out/>
  <testcase name="TC01_verifyDragAndDrop" time="10.224" classname="testCases.Assignment1_DemoQA"/>
  <system-out/>
  <testcase name="TC05_verifyPracticeForm" time="12.894" classname="testCases.Assignment1_DemoQA"/>
  <system-out/>
</testsuite> <!-- testCases.Assignment1_DemoQA -->
