<?xml version="1.0" encoding="UTF-8"?>
<!-- Generated by org.testng.reporters.JUnitReportReporter -->
<testsuite skipped="0" hostname="DESKTOP-RKHPL37" name="testCases.Assignment1_DemoQA" tests="5" failures="0" timestamp="2020-09-17T19:22:33 IST" time="150.557" errors="0">
  <testcase name="TC03_verifySelectable" time="29.551" classname="testCases.Assignment1_DemoQA"/>
  <system-out/>
  <testcase name="TC05_verifyPracticeForm" time="31.633" classname="testCases.Assignment1_DemoQA"/>
  <system-out/>
  <testcase name="TC04_verifySelectMenu" time="28.138" classname="testCases.Assignment1_DemoQA"/>
  <system-out/>
  <testcase name="TC02_verifyDatePicker" time="32.880" classname="testCases.Assignment1_DemoQA"/>
  <system-out/>
  <testcase name="TC01_verifyDragAndDrop" time="28.355" classname="testCases.Assignment1_DemoQA"/>
  <system-out/>
</testsuite> <!-- testCases.Assignment1_DemoQA -->
