<?xml version="1.0" encoding="UTF-8"?>
<!-- Generated by org.testng.reporters.JUnitReportReporter -->
<testsuite skipped="0" hostname="DESKTOP-RKHPL37" name="testCases.Assignment2_MakeMyTrip" tests="1" failures="0" timestamp="2020-09-12T17:18:11 IST" time="22.442" errors="0">
  <testcase name="bookTikcet" time="22.442" classname="testCases.Assignment2_MakeMyTrip"/>
  <system-out/>
</testsuite> <!-- testCases.Assignment2_MakeMyTrip -->
