<?xml version="1.0" encoding="UTF-8"?>
<!-- Generated by org.testng.reporters.JUnitReportReporter -->
<testsuite skipped="0" hostname="DESKTOP-RKHPL37" name="testCases.Assignment2_MakeMyTrip" tests="1" failures="0" timestamp="2020-09-19T20:44:27 IST" time="58.678" errors="0">
  <testcase name="bookTikcet" time="58.678" classname="testCases.Assignment2_MakeMyTrip"/>
  <system-out/>
</testsuite> <!-- testCases.Assignment2_MakeMyTrip -->
