<?xml version="1.0" encoding="UTF-8"?>
<!-- Generated by org.testng.reporters.JUnitReportReporter -->
<testsuite skipped="0" hostname="DESKTOP-RKHPL37" name="testCases.Assignment1_DemoQA" tests="5" failures="0" timestamp="2020-09-15T22:20:28 IST" time="61.076" errors="0">
  <testcase name="TC03_verifySelectable" time="10.390" classname="testCases.Assignment1_DemoQA"/>
  <system-out/>
  <testcase name="TC04_verifySelectMenu" time="12.286" classname="testCases.Assignment1_DemoQA"/>
  <system-out/>
  <testcase name="TC02_verifyDatePicker" time="14.828" classname="testCases.Assignment1_DemoQA"/>
  <system-out/>
  <testcase name="TC01_verifyDragAndDrop" time="10.069" classname="testCases.Assignment1_DemoQA"/>
  <system-out/>
  <testcase name="TC05_verifyPracticeForm" time="13.503" classname="testCases.Assignment1_DemoQA"/>
  <system-out/>
</testsuite> <!-- testCases.Assignment1_DemoQA -->
