<?xml version="1.0" encoding="UTF-8"?>
<!-- Generated by org.testng.reporters.JUnitReportReporter -->
<testsuite skipped="0" hostname="DESKTOP-RKHPL37" name="testCases.Assignment2_MakeMyTrip" tests="1" failures="0" timestamp="2020-09-19T20:52:19 IST" time="58.336" errors="0">
  <testcase name="bookTikcet" time="58.336" classname="testCases.Assignment2_MakeMyTrip"/>
</testsuite> <!-- testCases.Assignment2_MakeMyTrip -->
