<?xml version="1.0" encoding="UTF-8"?>
<!-- Generated by org.testng.reporters.JUnitReportReporter -->
<testsuite skipped="0" hostname="DESKTOP-RKHPL37" name="testCases.Assignment1_DemoQA" tests="5" failures="0" timestamp="2020-09-19T20:52:19 IST" time="60.784" errors="0">
  <testcase name="TC03_verifySelectable" time="9.976" classname="testCases.Assignment1_DemoQA"/>
  <testcase name="TC01_verifyDragAndDrop" time="11.268" classname="testCases.Assignment1_DemoQA"/>
  <testcase name="TC02_verifyDatePicker" time="16.449" classname="testCases.Assignment1_DemoQA"/>
  <testcase name="TC04_verifySelectMenu" time="10.548" classname="testCases.Assignment1_DemoQA"/>
  <testcase name="TC05_verifyPracticeForm" time="12.543" classname="testCases.Assignment1_DemoQA"/>
</testsuite> <!-- testCases.Assignment1_DemoQA -->
