<?xml version="1.0" encoding="UTF-8"?>
<!-- Generated by org.testng.reporters.JUnitReportReporter -->
<testsuite skipped="0" hostname="DESKTOP-RKHPL37" name="testCases.Assignment1_DemoQA" tests="5" failures="0" timestamp="2020-09-19T21:47:57 IST" time="63.185" errors="0">
  <testcase name="TC02_verifyDatePicker" time="16.465" classname="testCases.Assignment1_DemoQA"/>
  <testcase name="TC05_verifyPracticeForm" time="13.816" classname="testCases.Assignment1_DemoQA"/>
  <testcase name="TC03_verifySelectable" time="11.068" classname="testCases.Assignment1_DemoQA"/>
  <testcase name="TC04_verifySelectMenu" time="10.975" classname="testCases.Assignment1_DemoQA"/>
  <testcase name="TC01_verifyDragAndDrop" time="10.861" classname="testCases.Assignment1_DemoQA"/>
</testsuite> <!-- testCases.Assignment1_DemoQA -->
